2022-08-01 05:00:48,845 p=2825 u=student n=ansible | ERROR! We were unable to read either as JSON nor YAML, these are the errors we got from each:
JSON: Expecting value: line 1 column 1 (char 0)

Syntax Error while loading YAML.
  mapping values are not allowed in this context

The error appears to be in '/home/student/troubleshoot-playbook/samba.yml': line 8, column 30, but may
be elsewhere in the file depending on the exact syntax problem.

The offending line appears to be:

    install_state: installed
    random_var: This is colon: test
                             ^ here

2022-08-01 05:01:56,097 p=2872 u=student n=ansible | ERROR! We were unable to read either as JSON nor YAML, these are the errors we got from each:
JSON: Expecting value: line 1 column 1 (char 0)

Syntax Error while loading YAML.
  did not find expected key

The error appears to be in '/home/student/troubleshoot-playbook/samba.yml': line 44, column 4, but may
be elsewhere in the file depending on the exact syntax problem.

The offending line appears to be:


   - name: deliver samba config
   ^ here

2022-08-01 05:04:14,612 p=2925 u=student n=ansible | ERROR! We were unable to read either as JSON nor YAML, these are the errors we got from each:
JSON: Expecting value: line 1 column 1 (char 0)

Syntax Error while loading YAML.
  found unacceptable key (unhashable type: 'AnsibleMapping')

The error appears to be in '/home/student/troubleshoot-playbook/samba.yml': line 14, column 15, but may
be elsewhere in the file depending on the exact syntax problem.

The offending line appears to be:

      name: samba
      state: {{ install_state }}
              ^ here
We could be wrong, but this one looks like it might be an issue with
missing quotes. Always quote template expression brackets when they
start a value. For instance:

    with_items:
      - {{ foo }}

Should be written as:

    with_items:
      - "{{ foo }}"

2022-08-01 05:05:04,272 p=2952 u=student n=ansible | playbook: samba.yml
2022-08-01 05:05:37,180 p=2963 u=student n=ansible | PLAY [Install a samba server] ********************************************************************************************
2022-08-01 05:05:37,200 p=2963 u=student n=ansible | TASK [Gathering Facts] ***************************************************************************************************
2022-08-01 05:05:59,367 p=2963 u=student n=ansible | fatal: [servera.lab.exammple.com]: UNREACHABLE! => {"changed": false, "msg": "Failed to connect to the host via ssh: ssh: connect to host servera.lab.exammple.com port 22: Connection timed out", "unreachable": true}
2022-08-01 05:05:59,369 p=2963 u=student n=ansible | PLAY RECAP ***************************************************************************************************************
2022-08-01 05:05:59,369 p=2963 u=student n=ansible | servera.lab.exammple.com   : ok=0    changed=0    unreachable=1    failed=0    skipped=0    rescued=0    ignored=0   
2022-08-01 05:07:16,165 p=3011 u=student n=ansible | ansible-playbook 2.9.21
  config file = /home/student/troubleshoot-playbook/ansible.cfg
  configured module search path = ['/home/student/.ansible/plugins/modules', '/usr/share/ansible/plugins/modules']
  ansible python module location = /usr/lib/python3.6/site-packages/ansible
  executable location = /usr/bin/ansible-playbook
  python version = 3.6.8 (default, Mar 18 2021, 08:58:41) [GCC 8.4.1 20200928 (Red Hat 8.4.1-1)]
2022-08-01 05:07:16,165 p=3011 u=student n=ansible | Using /home/student/troubleshoot-playbook/ansible.cfg as config file
2022-08-01 05:07:16,166 p=3011 u=student n=ansible | setting up inventory plugins
2022-08-01 05:07:16,172 p=3011 u=student n=ansible | host_list declined parsing /home/student/troubleshoot-playbook/inventory as it did not pass its verify_file() method
2022-08-01 05:07:16,173 p=3011 u=student n=ansible | script declined parsing /home/student/troubleshoot-playbook/inventory as it did not pass its verify_file() method
2022-08-01 05:07:16,173 p=3011 u=student n=ansible | auto declined parsing /home/student/troubleshoot-playbook/inventory as it did not pass its verify_file() method
2022-08-01 05:07:16,176 p=3011 u=student n=ansible | Parsed /home/student/troubleshoot-playbook/inventory inventory source with ini plugin
2022-08-01 05:07:16,389 p=3011 u=student n=ansible | Loading callback plugin default of type stdout, v2.0 from /usr/lib/python3.6/site-packages/ansible/plugins/callback/default.py
2022-08-01 05:07:16,436 p=3011 u=student n=ansible | Skipping callback 'actionable', as we already have a stdout callback.
2022-08-01 05:07:16,436 p=3011 u=student n=ansible | Skipping callback 'counter_enabled', as we already have a stdout callback.
2022-08-01 05:07:16,436 p=3011 u=student n=ansible | Skipping callback 'debug', as we already have a stdout callback.
2022-08-01 05:07:16,436 p=3011 u=student n=ansible | Skipping callback 'dense', as we already have a stdout callback.
2022-08-01 05:07:16,436 p=3011 u=student n=ansible | Skipping callback 'dense', as we already have a stdout callback.
2022-08-01 05:07:16,436 p=3011 u=student n=ansible | Skipping callback 'full_skip', as we already have a stdout callback.
2022-08-01 05:07:16,436 p=3011 u=student n=ansible | Skipping callback 'json', as we already have a stdout callback.
2022-08-01 05:07:16,437 p=3011 u=student n=ansible | Skipping callback 'minimal', as we already have a stdout callback.
2022-08-01 05:07:16,437 p=3011 u=student n=ansible | Skipping callback 'null', as we already have a stdout callback.
2022-08-01 05:07:16,437 p=3011 u=student n=ansible | Skipping callback 'oneline', as we already have a stdout callback.
2022-08-01 05:07:16,437 p=3011 u=student n=ansible | Skipping callback 'selective', as we already have a stdout callback.
2022-08-01 05:07:16,437 p=3011 u=student n=ansible | Skipping callback 'skippy', as we already have a stdout callback.
2022-08-01 05:07:16,437 p=3011 u=student n=ansible | Skipping callback 'stderr', as we already have a stdout callback.
2022-08-01 05:07:16,437 p=3011 u=student n=ansible | Skipping callback 'unixy', as we already have a stdout callback.
2022-08-01 05:07:16,437 p=3011 u=student n=ansible | Skipping callback 'yaml', as we already have a stdout callback.
2022-08-01 05:07:16,437 p=3011 u=student n=ansible | PLAYBOOK: samba.yml ******************************************************************************************************
2022-08-01 05:07:16,437 p=3011 u=student n=ansible | 1 plays in samba.yml
2022-08-01 05:07:16,440 p=3011 u=student n=ansible | PLAY [Install a samba server] ********************************************************************************************
2022-08-01 05:07:16,449 p=3011 u=student n=ansible | TASK [Gathering Facts] ***************************************************************************************************
2022-08-01 05:07:16,467 p=3017 u=student n=ansible | <servera.lab.exammple.com> ESTABLISH SSH CONNECTION FOR USER: devops
2022-08-01 05:07:16,469 p=3017 u=student n=ansible | <servera.lab.exammple.com> SSH: EXEC ssh -vvv -C -o ControlMaster=auto -o ControlPersist=60s -o KbdInteractiveAuthentication=no -o PreferredAuthentications=gssapi-with-mic,gssapi-keyex,hostbased,publickey -o PasswordAuthentication=no -o 'User="devops"' -o ConnectTimeout=10 -o ControlPath=/home/student/.ansible/cp/d4775f48c9 servera.lab.exammple.com '/bin/sh -c '"'"'echo ~devops && sleep 0'"'"''
2022-08-01 05:07:36,545 p=3017 u=student n=ansible | <servera.lab.exammple.com> (255, b'', b'OpenSSH_8.0p1, OpenSSL 1.1.1g FIPS  21 Apr 2020\r\ndebug1: Reading configuration data /home/student/.ssh/config\r\ndebug1: /home/student/.ssh/config line 1: Applying options for *\r\ndebug1: Reading configuration data /etc/ssh/ssh_config\r\ndebug3: /etc/ssh/ssh_config line 52: Including file /etc/ssh/ssh_config.d/01-training.conf depth 0\r\ndebug1: Reading configuration data /etc/ssh/ssh_config.d/01-training.conf\r\ndebug1: /etc/ssh/ssh_config.d/01-training.conf line 1: Applying options for *\r\ndebug3: /etc/ssh/ssh_config line 52: Including file /etc/ssh/ssh_config.d/05-redhat.conf depth 0\r\ndebug1: Reading configuration data /etc/ssh/ssh_config.d/05-redhat.conf\r\ndebug2: checking match for \'final all\' host servera.lab.exammple.com originally servera.lab.exammple.com\r\ndebug3: /etc/ssh/ssh_config.d/05-redhat.conf line 3: not matched \'final\'\r\ndebug2: match not found\r\ndebug3: /etc/ssh/ssh_config.d/05-redhat.conf line 5: Including file /etc/crypto-policies/back-ends/openssh.config depth 1 (parse only)\r\ndebug1: Reading configuration data /etc/crypto-policies/back-ends/openssh.config\r\ndebug3: gss kex names ok: [gss-curve25519-sha256-,gss-nistp256-sha256-,gss-group14-sha256-,gss-group16-sha512-,gss-gex-sha1-,gss-group14-sha1-]\r\ndebug3: kex names ok: [curve25519-sha256,curve25519-sha256@libssh.org,ecdh-sha2-nistp256,ecdh-sha2-nistp384,ecdh-sha2-nistp521,diffie-hellman-group-exchange-sha256,diffie-hellman-group14-sha256,diffie-hellman-group16-sha512,diffie-hellman-group18-sha512,diffie-hellman-group-exchange-sha1,diffie-hellman-group14-sha1]\r\ndebug1: configuration requests final Match pass\r\ndebug1: re-parsing configuration\r\ndebug1: Reading configuration data /home/student/.ssh/config\r\ndebug1: /home/student/.ssh/config line 1: Applying options for *\r\ndebug2: add_identity_file: ignoring duplicate key ~/.ssh/lab_rsa\r\ndebug1: Reading configuration data /etc/ssh/ssh_config\r\ndebug3: /etc/ssh/ssh_config line 52: Including file /etc/ssh/ssh_config.d/01-training.conf depth 0\r\ndebug1: Reading configuration data /etc/ssh/ssh_config.d/01-training.conf\r\ndebug1: /etc/ssh/ssh_config.d/01-training.conf line 1: Applying options for *\r\ndebug3: /etc/ssh/ssh_config line 52: Including file /etc/ssh/ssh_config.d/05-redhat.conf depth 0\r\ndebug1: Reading configuration data /etc/ssh/ssh_config.d/05-redhat.conf\r\ndebug2: checking match for \'final all\' host servera.lab.exammple.com originally servera.lab.exammple.com\r\ndebug3: /etc/ssh/ssh_config.d/05-redhat.conf line 3: matched \'final\'\r\ndebug2: match found\r\ndebug3: /etc/ssh/ssh_config.d/05-redhat.conf line 5: Including file /etc/crypto-policies/back-ends/openssh.config depth 1\r\ndebug1: Reading configuration data /etc/crypto-policies/back-ends/openssh.config\r\ndebug3: gss kex names ok: [gss-curve25519-sha256-,gss-nistp256-sha256-,gss-group14-sha256-,gss-group16-sha512-,gss-gex-sha1-,gss-group14-sha1-]\r\ndebug3: kex names ok: [curve25519-sha256,curve25519-sha256@libssh.org,ecdh-sha2-nistp256,ecdh-sha2-nistp384,ecdh-sha2-nistp521,diffie-hellman-group-exchange-sha256,diffie-hellman-group14-sha256,diffie-hellman-group16-sha512,diffie-hellman-group18-sha512,diffie-hellman-group-exchange-sha1,diffie-hellman-group14-sha1]\r\ndebug1: auto-mux: Trying existing master\r\ndebug1: Control socket "/home/student/.ansible/cp/d4775f48c9" does not exist\r\ndebug2: resolving "servera.lab.exammple.com" port 22\r\ndebug2: ssh_connect_direct\r\ndebug1: Connecting to servera.lab.exammple.com [3.130.204.160] port 22.\r\ndebug2: fd 4 setting O_NONBLOCK\r\ndebug1: connect to address 3.130.204.160 port 22: Connection timed out\r\ndebug1: Connecting to servera.lab.exammple.com [3.130.253.23] port 22.\r\ndebug2: fd 4 setting O_NONBLOCK\r\ndebug1: connect to address 3.130.253.23 port 22: Connection timed out\r\nssh: connect to host servera.lab.exammple.com port 22: Connection timed out\r\n')
2022-08-01 05:07:36,549 p=3011 u=student n=ansible | fatal: [servera.lab.exammple.com]: UNREACHABLE! => {
    "changed": false,
    "msg": "Failed to connect to the host via ssh: OpenSSH_8.0p1, OpenSSL 1.1.1g FIPS  21 Apr 2020\r\ndebug1: Reading configuration data /home/student/.ssh/config\r\ndebug1: /home/student/.ssh/config line 1: Applying options for *\r\ndebug1: Reading configuration data /etc/ssh/ssh_config\r\ndebug3: /etc/ssh/ssh_config line 52: Including file /etc/ssh/ssh_config.d/01-training.conf depth 0\r\ndebug1: Reading configuration data /etc/ssh/ssh_config.d/01-training.conf\r\ndebug1: /etc/ssh/ssh_config.d/01-training.conf line 1: Applying options for *\r\ndebug3: /etc/ssh/ssh_config line 52: Including file /etc/ssh/ssh_config.d/05-redhat.conf depth 0\r\ndebug1: Reading configuration data /etc/ssh/ssh_config.d/05-redhat.conf\r\ndebug2: checking match for 'final all' host servera.lab.exammple.com originally servera.lab.exammple.com\r\ndebug3: /etc/ssh/ssh_config.d/05-redhat.conf line 3: not matched 'final'\r\ndebug2: match not found\r\ndebug3: /etc/ssh/ssh_config.d/05-redhat.conf line 5: Including file /etc/crypto-policies/back-ends/openssh.config depth 1 (parse only)\r\ndebug1: Reading configuration data /etc/crypto-policies/back-ends/openssh.config\r\ndebug3: gss kex names ok: [gss-curve25519-sha256-,gss-nistp256-sha256-,gss-group14-sha256-,gss-group16-sha512-,gss-gex-sha1-,gss-group14-sha1-]\r\ndebug3: kex names ok: [curve25519-sha256,curve25519-sha256@libssh.org,ecdh-sha2-nistp256,ecdh-sha2-nistp384,ecdh-sha2-nistp521,diffie-hellman-group-exchange-sha256,diffie-hellman-group14-sha256,diffie-hellman-group16-sha512,diffie-hellman-group18-sha512,diffie-hellman-group-exchange-sha1,diffie-hellman-group14-sha1]\r\ndebug1: configuration requests final Match pass\r\ndebug1: re-parsing configuration\r\ndebug1: Reading configuration data /home/student/.ssh/config\r\ndebug1: /home/student/.ssh/config line 1: Applying options for *\r\ndebug2: add_identity_file: ignoring duplicate key ~/.ssh/lab_rsa\r\ndebug1: Reading configuration data /etc/ssh/ssh_config\r\ndebug3: /etc/ssh/ssh_config line 52: Including file /etc/ssh/ssh_config.d/01-training.conf depth 0\r\ndebug1: Reading configuration data /etc/ssh/ssh_config.d/01-training.conf\r\ndebug1: /etc/ssh/ssh_config.d/01-training.conf line 1: Applying options for *\r\ndebug3: /etc/ssh/ssh_config line 52: Including file /etc/ssh/ssh_config.d/05-redhat.conf depth 0\r\ndebug1: Reading configuration data /etc/ssh/ssh_config.d/05-redhat.conf\r\ndebug2: checking match for 'final all' host servera.lab.exammple.com originally servera.lab.exammple.com\r\ndebug3: /etc/ssh/ssh_config.d/05-redhat.conf line 3: matched 'final'\r\ndebug2: match found\r\ndebug3: /etc/ssh/ssh_config.d/05-redhat.conf line 5: Including file /etc/crypto-policies/back-ends/openssh.config depth 1\r\ndebug1: Reading configuration data /etc/crypto-policies/back-ends/openssh.config\r\ndebug3: gss kex names ok: [gss-curve25519-sha256-,gss-nistp256-sha256-,gss-group14-sha256-,gss-group16-sha512-,gss-gex-sha1-,gss-group14-sha1-]\r\ndebug3: kex names ok: [curve25519-sha256,curve25519-sha256@libssh.org,ecdh-sha2-nistp256,ecdh-sha2-nistp384,ecdh-sha2-nistp521,diffie-hellman-group-exchange-sha256,diffie-hellman-group14-sha256,diffie-hellman-group16-sha512,diffie-hellman-group18-sha512,diffie-hellman-group-exchange-sha1,diffie-hellman-group14-sha1]\r\ndebug1: auto-mux: Trying existing master\r\ndebug1: Control socket \"/home/student/.ansible/cp/d4775f48c9\" does not exist\r\ndebug2: resolving \"servera.lab.exammple.com\" port 22\r\ndebug2: ssh_connect_direct\r\ndebug1: Connecting to servera.lab.exammple.com [3.130.204.160] port 22.\r\ndebug2: fd 4 setting O_NONBLOCK\r\ndebug1: connect to address 3.130.204.160 port 22: Connection timed out\r\ndebug1: Connecting to servera.lab.exammple.com [3.130.253.23] port 22.\r\ndebug2: fd 4 setting O_NONBLOCK\r\ndebug1: connect to address 3.130.253.23 port 22: Connection timed out\r\nssh: connect to host servera.lab.exammple.com port 22: Connection timed out",
    "unreachable": true
}
2022-08-01 05:07:36,550 p=3011 u=student n=ansible | PLAY RECAP ***************************************************************************************************************
2022-08-01 05:07:36,551 p=3011 u=student n=ansible | servera.lab.exammple.com   : ok=0    changed=0    unreachable=1    failed=0    skipped=0    rescued=0    ignored=0   
2022-08-01 05:09:24,365 p=3058 u=student n=ansible | PLAY [Install a samba server] ********************************************************************************************
2022-08-01 05:09:24,379 p=3058 u=student n=ansible | TASK [Gathering Facts] ***************************************************************************************************
2022-08-01 05:09:25,914 p=3058 u=student n=ansible | ok: [servera.lab.example.com]
2022-08-01 05:09:25,923 p=3058 u=student n=ansible | TASK [install samba] *****************************************************************************************************
2022-08-01 05:09:30,685 p=3058 u=student n=ansible | changed: [servera.lab.example.com]
2022-08-01 05:09:30,693 p=3058 u=student n=ansible | TASK [install firewalld] *************************************************************************************************
2022-08-01 05:09:32,299 p=3058 u=student n=ansible | ok: [servera.lab.example.com]
2022-08-01 05:09:32,308 p=3058 u=student n=ansible | TASK [debug install_state variable] **************************************************************************************
2022-08-01 05:09:32,345 p=3058 u=student n=ansible | ok: [servera.lab.example.com] => {
    "msg": "The state for the samba service is installed"
}
2022-08-01 05:09:32,354 p=3058 u=student n=ansible | TASK [start samba] *******************************************************************************************************
2022-08-01 05:09:33,827 p=3058 u=student n=ansible | changed: [servera.lab.example.com]
2022-08-01 05:09:33,834 p=3058 u=student n=ansible | TASK [start firewalld] ***************************************************************************************************
2022-08-01 05:09:34,376 p=3058 u=student n=ansible | ok: [servera.lab.example.com]
2022-08-01 05:09:34,384 p=3058 u=student n=ansible | TASK [configure firewall for samba] **************************************************************************************
2022-08-01 05:09:35,122 p=3058 u=student n=ansible | changed: [servera.lab.example.com]
2022-08-01 05:09:35,130 p=3058 u=student n=ansible | TASK [deliver samba config] **********************************************************************************************
2022-08-01 05:09:35,226 p=3058 u=student n=ansible | fatal: [servera.lab.example.com]: FAILED! => {"changed": false, "msg": "Could not find or access 'samba.j2'\nSearched in:\n\t/home/student/troubleshoot-playbook/templates/samba.j2\n\t/home/student/troubleshoot-playbook/samba.j2\n\t/home/student/troubleshoot-playbook/templates/samba.j2\n\t/home/student/troubleshoot-playbook/samba.j2 on the Ansible Controller.\nIf you are using a module and expect the file to exist on the remote, see the remote_src option"}
2022-08-01 05:09:35,228 p=3058 u=student n=ansible | PLAY RECAP ***************************************************************************************************************
2022-08-01 05:09:35,228 p=3058 u=student n=ansible | servera.lab.example.com    : ok=7    changed=3    unreachable=0    failed=1    skipped=0    rescued=0    ignored=0   
2022-08-01 05:10:47,844 p=3154 u=student n=ansible | PLAY [Install a samba server] ********************************************************************************************
2022-08-01 05:10:53,239 p=3154 u=student n=ansible | Perform task: TASK: Gathering Facts (N)o/(y)es/(c)ontinue: ***************************************************************
2022-08-01 05:10:53,244 p=3154 u=student n=ansible | TASK [Gathering Facts] ***************************************************************************************************
2022-08-01 05:10:54,634 p=3154 u=student n=ansible | ok: [servera.lab.example.com]
2022-08-01 05:10:54,819 p=3154 u=student n=ansible | Perform task: TASK: install samba (N)o/(y)es/(c)ontinue: *****************************************************************
2022-08-01 05:10:54,827 p=3154 u=student n=ansible | TASK [install samba] *****************************************************************************************************
2022-08-01 05:10:56,555 p=3154 u=student n=ansible | ok: [servera.lab.example.com]
2022-08-01 05:10:58,659 p=3154 u=student n=ansible | Perform task: TASK: install firewalld (N)o/(y)es/(c)ontinue: *************************************************************
2022-08-01 05:11:01,019 p=3154 u=student n=ansible | Perform task: TASK: debug install_state variable (N)o/(y)es/(c)ontinue: **************************************************
2022-08-01 05:11:01,026 p=3154 u=student n=ansible | TASK [debug install_state variable] **************************************************************************************
2022-08-01 05:11:01,069 p=3154 u=student n=ansible | ok: [servera.lab.example.com] => {
    "msg": "The state for the samba service is installed"
}
2022-08-01 05:11:02,719 p=3154 u=student n=ansible | Perform task: TASK: start samba (N)o/(y)es/(c)ontinue: *******************************************************************
2022-08-01 05:11:02,726 p=3154 u=student n=ansible | TASK [start samba] *******************************************************************************************************
2022-08-01 05:11:03,547 p=3154 u=student n=ansible | ok: [servera.lab.example.com]
2022-08-01 05:11:07,779 p=3154 u=student n=ansible | Perform task: TASK: start firewalld (N)o/(y)es/(c)ontinue: ***************************************************************
2022-08-01 05:11:07,787 p=3154 u=student n=ansible | TASK [start firewalld] ***************************************************************************************************
2022-08-01 05:11:08,329 p=3154 u=student n=ansible | ok: [servera.lab.example.com]
2022-08-01 05:11:14,159 p=3154 u=student n=ansible | Perform task: TASK: configure firewall for samba (N)o/(y)es/(c)ontinue: **************************************************
2022-08-01 05:11:14,167 p=3154 u=student n=ansible | TASK [configure firewall for samba] **************************************************************************************
2022-08-01 05:11:14,869 p=3154 u=student n=ansible | ok: [servera.lab.example.com]
2022-08-01 05:11:19,138 p=3154 u=student n=ansible | Perform task: TASK: deliver samba config (N)o/(y)es/(c)ontinue: **********************************************************
2022-08-01 05:11:19,145 p=3154 u=student n=ansible | TASK [deliver samba config] **********************************************************************************************
2022-08-01 05:11:20,143 p=3154 u=student n=ansible | changed: [servera.lab.example.com]
2022-08-01 05:11:20,146 p=3154 u=student n=ansible | PLAY RECAP ***************************************************************************************************************
2022-08-01 05:11:20,146 p=3154 u=student n=ansible | servera.lab.example.com    : ok=7    changed=1    unreachable=0    failed=0    skipped=0    rescued=0    ignored=0   
